<?xml version="1.0" encoding="UTF-8"?>
<!-- Generated by org.testng.reporters.JUnitXMLReporter -->
<testsuite hostname="TYUDM" failures="0" tests="4" name="HttpRequest" time="1.253" errors="0" timestamp="9 Jul 2020 08:35:56 GMT">
  <testcase classname="com.Orange.Education.API.httpsEducation" name="CheckButtonByHttpGetRequest" time="0.104"/>
  <testcase classname="com.Orange.Education.API.httpsEducation" name="CheckTextByHttpGetRequest" time="0.004"/>
  <testcase classname="com.Orange.Education.API.httpsEducation" name="HttpGet" time="0.956"/>
  <testcase classname="com.Orange.Education.API.httpsEducation" name="POSTRequest" time="0.005"/>
</testsuite> <!-- HttpRequest -->
