<?xml version="1.0" encoding="UTF-8"?>
<!-- Generated by org.testng.reporters.JUnitXMLReporter -->
<testsuite hostname="TYUDM" failures="0" tests="4" name="HttpRequest" time="1.124" errors="0" timestamp="14 Jul 2020 09:57:30 GMT">
  <testcase classname="com.Orange.Education.API.httpsEducation" name="POSTRequest" time="0.129"/>
  <testcase classname="com.Orange.Education.API.httpsEducation" name="CheckButtonByHttpGetRequest" time="0.129"/>
  <testcase classname="com.Orange.Education.API.httpsEducation" name="CheckTextByHttpGetRequest" time="0.13"/>
  <testcase classname="com.Orange.Education.API.httpsEducation" name="HttpGet" time="1.082"/>
</testsuite> <!-- HttpRequest -->
