<?xml version="1.0" encoding="UTF-8"?>
<!-- Generated by org.testng.reporters.JUnitXMLReporter -->
<testsuite hostname="TYUDM" failures="0" tests="3" name="RestAssuredTest" time="3.55" errors="0" timestamp="14 Jul 2020 09:57:33 GMT">
  <testcase classname="com.Orange.Education.RestAssuredTest.ApiTestRestAssure" name="TestPatch" time="0.013"/>
  <testcase classname="com.Orange.Education.RestAssuredTest.ApiTestRestAssure" name="TestPostRequest" time="3.526"/>
  <testcase classname="com.Orange.Education.RestAssuredTest.ApiTestRestAssure" name="TestGetRequest" time="3.538"/>
</testsuite> <!-- RestAssuredTest -->
