<?xml version="1.0" encoding="UTF-8"?>
<!-- Generated by org.testng.reporters.JUnitXMLReporter -->
<testsuite hostname="TYUDM" failures="0" tests="3" name="Default test" time="4.493" errors="0" timestamp="14 Jul 2020 10:45:28 GMT">
  <testcase classname="com.Orange.Education.RestAssuredTest.ApiTestRestAssure" name="TestGetRequest" time="3.769"/>
  <testcase classname="com.Orange.Education.RestAssuredTest.ApiTestRestAssure" name="TestPatch" time="0.003"/>
  <testcase classname="com.Orange.Education.RestAssuredTest.ApiTestRestAssure" name="TestPostRequest" time="0.571"/>
</testsuite> <!-- Default test -->
