<?xml version="1.0" encoding="UTF-8"?>
<!-- Generated by org.testng.reporters.JUnitXMLReporter -->
<testsuite hostname="TYUDM" failures="0" tests="1" name="Default test" time="0.278" errors="0" timestamp="9 Jul 2020 09:38:55 GMT">
  <testcase classname="com.Orange.Education.GridExamples.StandAloneExample" name="@BeforeTest setUpRemote" time="0.0">
    <failure type="org.testng.TestNGException" message="
Parameter &amp;apos;myBrowser&amp;apos; is required by @Configuration on method setUpRemote but has not been marked @Optional or defined
in C:\Users\Dima\AppData\Local\Temp\testng-eclipse--1020235329\testng-customsuite.xml">
      <![CDATA[org.testng.TestNGException: 
Parameter 'myBrowser' is required by @Configuration on method setUpRemote but has not been marked @Optional or defined
in C:\Users\Dima\AppData\Local\Temp\testng-eclipse--1020235329\testng-customsuite.xml
	at org.testng.internal.Parameters.createParameters(Parameters.java:155)
	at org.testng.internal.Parameters.createParameters(Parameters.java:355)
	at org.testng.internal.Parameters.createConfigurationParameters(Parameters.java:86)
	at org.testng.internal.Invoker.invokeConfigurations(Invoker.java:199)
	at org.testng.internal.Invoker.invokeConfigurations(Invoker.java:138)
	at org.testng.TestRunner.beforeRun(TestRunner.java:641)
	at org.testng.TestRunner.run(TestRunner.java:609)
	at org.testng.SuiteRunner.runTest(SuiteRunner.java:334)
	at org.testng.SuiteRunner.runSequentially(SuiteRunner.java:329)
	at org.testng.SuiteRunner.privateRun(SuiteRunner.java:291)
	at org.testng.SuiteRunner.run(SuiteRunner.java:240)
	at org.testng.SuiteRunnerWorker.runSuite(SuiteRunnerWorker.java:52)
	at org.testng.SuiteRunnerWorker.run(SuiteRunnerWorker.java:86)
	at org.testng.TestNG.runSuitesSequentially(TestNG.java:1198)
	at org.testng.TestNG.runSuitesLocally(TestNG.java:1123)
	at org.testng.TestNG.run(TestNG.java:1031)
	at org.testng.remote.AbstractRemoteTestNG.run(AbstractRemoteTestNG.java:115)
	at org.testng.remote.RemoteTestNG.initAndRun(RemoteTestNG.java:251)
	at org.testng.remote.RemoteTestNG.main(RemoteTestNG.java:77)
]]>
    </failure>
  </testcase> <!-- @BeforeTest setUpRemote -->
  <testcase classname="com.Orange.Education.GridExamples.StandAloneExample" name="@BeforeTest createObject" time="0.0">
    <skipped/>
  </testcase> <!-- @BeforeTest createObject -->
  <testcase classname="com.Orange.Education.GridExamples.StandAloneExample" name="@AfterTest TearDown" time="0.0">
    <skipped/>
  </testcase> <!-- @AfterTest TearDown -->
  <testcase classname="com.Orange.Education.GridExamples.StandAloneExample" name="JSExecutorTest" time="0.088">
    <skipped/>
  </testcase> <!-- JSExecutorTest -->
</testsuite> <!-- Default test -->
