<?xml version="1.0" encoding="UTF-8"?>
<!-- Generated by org.testng.reporters.JUnitXMLReporter -->
<testsuite hostname="TYUDM" failures="1" tests="6" name="TestCaseLoginPage" time="15.758" errors="0" timestamp="8 Jul 2020 13:10:52 GMT">
  <testcase classname="com.Orange.Education.TestTask" name="CheckTheActiveButton" time="1.728">
    <failure type="java.lang.RuntimeException" message="Cannot find entry for fieldName: &amp;apos;loginbt&amp;apos;">
      <![CDATA[java.lang.RuntimeException: Cannot find entry for fieldName: 'loginbt'
	at Data.Elements.getEntryForElementName(Elements.java:39)
	at Pages.Page.getXpath(Page.java:39)
	at Pages.Page.getElement(Page.java:34)
	at Pages.Page.CheckTheColor(Page.java:68)
	at com.Orange.Education.TestTask.CheckTheActiveButton(TestTask.java:71)
	at java.base/java.util.concurrent.FutureTask.run(FutureTask.java:264)
	at java.base/java.util.concurrent.ThreadPoolExecutor.runWorker(ThreadPoolExecutor.java:1128)
	at java.base/java.util.concurrent.ThreadPoolExecutor$Worker.run(ThreadPoolExecutor.java:628)
	at java.base/java.lang.Thread.run(Thread.java:834)
... Removed 16 stack frames]]>
    </failure>
  </testcase> <!-- CheckTheActiveButton -->
  <testcase classname="com.Orange.Education.TestTask" name="CheckTheText" time="0.415"/>
  <testcase classname="com.Orange.Education.TestTask" name="CheckTheTitle" time="0.277"/>
  <testcase classname="com.Orange.Education.TestTask" name="CorrectLogin" time="4.56"/>
  <testcase classname="com.Orange.Education.TestTask" name="ForgotPassword" time="0.004"/>
  <testcase classname="com.Orange.Education.TestTask" name="JSExecutorTest" time="2.342"/>
</testsuite> <!-- TestCaseLoginPage -->
