<?xml version="1.0" encoding="UTF-8"?>
<!-- Generated by org.testng.reporters.JUnitXMLReporter -->
<testsuite hostname="TYUDM" failures="0" tests="4" name="TestCaseLoginPage" time="13.052" errors="0" timestamp="4 Jul 2020 20:14:21 GMT">
  <testcase classname="com.Orange.Education.TestTask" name="CheckTheText" time="1.8"/>
  <testcase classname="com.Orange.Education.TestTask" name="CheckTheTitle" time="0.403"/>
  <testcase classname="com.Orange.Education.TestTask" name="CheckTheActiveButton" time="0.326"/>
  <testcase classname="com.Orange.Education.TestTask" name="CorrectLogin" time="4.536"/>
</testsuite> <!-- TestCaseLoginPage -->
