<?xml version="1.0" encoding="UTF-8"?>
<!-- Generated by org.testng.reporters.JUnitXMLReporter -->
<testsuite hostname="TYUDM" failures="1" tests="3" name="Test" time="20.015" errors="0" timestamp="13 Jul 2020 12:35:43 GMT">
  <testcase classname="com.Orange.Education.ParametersExampleXML" name="logIn" time="5.318"/>
  <testcase classname="com.Orange.Education.ParametersExampleXML" name="logInWithParametrs" time="2.541"/>
  <testcase classname="com.Orange.Education.ParametersExampleXML" name="AddNewUserByParametersInXml" time="6.095">
    <failure type="java.lang.AssertionError" message="expected [Add] but found []">
      <![CDATA[java.lang.AssertionError: expected [Add] but found []
	at Pages.SaveSystemUser.ClickSave(SaveSystemUser.java:87)
	at com.Orange.Education.ParametersExampleXML.AddNewUserByParametersInXml(ParametersExampleXML.java:58)
... Removed 29 stack frames]]>
    </failure>
  </testcase> <!-- AddNewUserByParametersInXml -->
</testsuite> <!-- Test -->
