<?xml version="1.0" encoding="UTF-8"?>
<!-- Generated by org.testng.reporters.JUnitXMLReporter -->
<testsuite hostname="TYUDM" failures="0" tests="7" name="TestCaseLoginPage" time="20.036" errors="0" timestamp="15 Jul 2020 11:57:06 GMT">
  <testcase classname="com.Orange.Education.TestTask" name="CheckTheText" time="4.383"/>
  <testcase classname="com.Orange.Education.TestTask" name="CheckTheTitle" time="0.416"/>
  <testcase classname="com.Orange.Education.TestTask" name="CheckTheActiveButton" time="0.328"/>
  <testcase classname="com.Orange.Education.TestTask" name="ForgotPassword" time="0.003"/>
  <testcase classname="com.Orange.Education.TestTask" name="JSExecutorTest" time="6.817"/>
  <testcase classname="com.Orange.Education.TestTask" name="CorrectLogin" time="0.803"/>
  <testcase classname="com.Orange.Education.TestTask" name="CheckErrorByLoginIsDisplayed" time="0.396"/>
</testsuite> <!-- TestCaseLoginPage -->
