<?xml version="1.0" encoding="UTF-8"?>
<testng-results total="7" passed="7" failed="0" skipped="0">
  <reporter-output>
  </reporter-output>
  <suite started-at="2020-07-14T10:46:12Z" name="HttpSuite" finished-at="2020-07-14T10:46:18Z" duration-ms="5422">
    <groups>
    </groups>
    <test started-at="2020-07-14T10:46:12Z" name="HttpRequest" finished-at="2020-07-14T10:46:13Z" duration-ms="1205">
      <class name="com.Orange.Education.API.httpsEducation">
        <test-method signature="CheckButtonByHttpGetRequest()[pri:0, instance:com.Orange.Education.API.httpsEducation@53a9fcfd]" started-at="2020-07-14T13:46:12Z" name="CheckButtonByHttpGetRequest" finished-at="2020-07-14T13:46:12Z" duration-ms="103" status="PASS">
          <reporter-output>
          </reporter-output>
        </test-method> <!-- CheckButtonByHttpGetRequest -->
        <test-method signature="CheckTextByHttpGetRequest()[pri:0, instance:com.Orange.Education.API.httpsEducation@53a9fcfd]" started-at="2020-07-14T13:46:12Z" name="CheckTextByHttpGetRequest" finished-at="2020-07-14T13:46:12Z" duration-ms="4" status="PASS">
          <reporter-output>
          </reporter-output>
        </test-method> <!-- CheckTextByHttpGetRequest -->
        <test-method signature="HttpGet()[pri:0, instance:com.Orange.Education.API.httpsEducation@53a9fcfd]" started-at="2020-07-14T13:46:12Z" name="HttpGet" finished-at="2020-07-14T13:46:13Z" duration-ms="914" status="PASS">
          <reporter-output>
          </reporter-output>
        </test-method> <!-- HttpGet -->
        <test-method signature="POSTRequest()[pri:0, instance:com.Orange.Education.API.httpsEducation@53a9fcfd]" started-at="2020-07-14T13:46:13Z" name="POSTRequest" finished-at="2020-07-14T13:46:13Z" duration-ms="3" status="PASS">
          <reporter-output>
          </reporter-output>
        </test-method> <!-- POSTRequest -->
      </class> <!-- com.Orange.Education.API.httpsEducation -->
    </test> <!-- HttpRequest -->
    <test started-at="2020-07-14T10:46:13Z" name="RestAssuredTest" finished-at="2020-07-14T10:46:18Z" duration-ms="4163">
      <class name="com.Orange.Education.RestAssuredTest.ApiTestRestAssure">
        <test-method signature="TestGetRequest()[pri:0, instance:com.Orange.Education.RestAssuredTest.ApiTestRestAssure@282ffbf5]" started-at="2020-07-14T13:46:13Z" name="TestGetRequest" finished-at="2020-07-14T13:46:17Z" duration-ms="3596" status="PASS">
          <reporter-output>
          </reporter-output>
        </test-method> <!-- TestGetRequest -->
        <test-method signature="TestPatch()[pri:0, instance:com.Orange.Education.RestAssuredTest.ApiTestRestAssure@282ffbf5]" started-at="2020-07-14T13:46:17Z" name="TestPatch" finished-at="2020-07-14T13:46:17Z" duration-ms="2" status="PASS">
          <reporter-output>
          </reporter-output>
        </test-method> <!-- TestPatch -->
        <test-method signature="TestPostRequest()[pri:0, instance:com.Orange.Education.RestAssuredTest.ApiTestRestAssure@282ffbf5]" started-at="2020-07-14T13:46:17Z" name="TestPostRequest" finished-at="2020-07-14T13:46:18Z" duration-ms="545" status="PASS">
          <reporter-output>
          </reporter-output>
        </test-method> <!-- TestPostRequest -->
      </class> <!-- com.Orange.Education.RestAssuredTest.ApiTestRestAssure -->
    </test> <!-- RestAssuredTest -->
  </suite> <!-- HttpSuite -->
</testng-results>
