<?xml version="1.0" encoding="UTF-8"?>
<!-- Generated by org.testng.reporters.JUnitXMLReporter -->
<testsuite hostname="TYUDM" failures="1" tests="1" name="TestSQLData" time="8.228" errors="0" timestamp="14 Jul 2020 09:36:34 GMT">
  <testcase classname="com.Orange.Education.SQLDataTest" name="GetFieldAttributes" time="2.385">
    <failure type="java.lang.AbstractMethodError" message="Receiver class Pages.MainPage does not define or inherit an implementation of the resolved method abstract getZonedDateTime(Ljava/lang/String;)Ljava/time/ZonedDateTime; of interface interfaces.EnterValue.">
      <![CDATA[java.lang.AbstractMethodError: Receiver class Pages.MainPage does not define or inherit an implementation of the resolved method abstract getZonedDateTime(Ljava/lang/String;)Ljava/time/ZonedDateTime; of interface interfaces.EnterValue.
	at com.Orange.Education.SQLDataTest.GetFieldAttributes(SQLDataTest.java:47)
... Removed 24 stack frames]]>
    </failure>
  </testcase> <!-- GetFieldAttributes -->
</testsuite> <!-- TestSQLData -->
