<?xml version="1.0" encoding="UTF-8"?>
<!-- Generated by org.testng.reporters.JUnitXMLReporter -->
<testsuite hostname="TYUDM" failures="0" tests="3" name="RestAssuredTest" time="4.163" errors="0" timestamp="14 Jul 2020 10:46:18 GMT">
  <testcase classname="com.Orange.Education.RestAssuredTest.ApiTestRestAssure" name="TestGetRequest" time="3.596"/>
  <testcase classname="com.Orange.Education.RestAssuredTest.ApiTestRestAssure" name="TestPatch" time="0.002"/>
  <testcase classname="com.Orange.Education.RestAssuredTest.ApiTestRestAssure" name="TestPostRequest" time="0.545"/>
</testsuite> <!-- RestAssuredTest -->
